[  0.00000 Iitiazig cgupsubs cuset
[   .00000 Iitiazig cgupsubs cu
[   0000] itiazig cgupsubs cuacct    00000]inx veio 4.4-10-geri (buddlgw0am4-03 (cc vsin 5.4.0 26060(Uuntu.40-6unt1~164.) ) 56UbtuMP T Jn 148:3:28TC2018Ubntu 4.-13056genec .4.1)
[  0000] omma lne: OOT_IMAGE=bot/vmnu-4.4-10-geri rooUUD=841f4-00740-aab-bb8e150 r cso=ttycosolety0
[  .0000]KERN sppord pus:[   .0000] Intl nuneInl[   .00000  MD AheticA
    00000] CntauCetaurHas
[  00000]86/f: egacx8 FPUetcted
[   00000] 6/pu: Usg eage FU coex swihe.   0.000] e8: IOpridedhyicalRAmap:
[   00000] OS-e20[mem 000000000000x00000009ff usale
[    00000]IO-e82: me 0x000000009fc0-x0000000ffffreerve
[   0.00] BI-e20: em0x0000000000-0x0000000ff] reerd
[   0000] OSe820: [mem 0x0000000000100000-0x000000003ffeffff] usable
[    0.000000] BIOS-e820: [mem 0x000000003fff0000-0x000000003fffffff] ACPI data
[    0.000000] BIOS-e820: [mem 0x00000000fffc0000-0x00000000ffffffff] reserved
[    0.000000] NX (Execute Disable) protection: active
[    0.000000] SMBIOS 2.5 present.
[    0.000000] e820: last_pfn = 0x3fff0 max_arch_pfn = 0x400000000
[    0.000000] MTRR: Disabled
[    0.000000] x86/PAT: MTRRs disabled, skipping PAT initialization too.
[    0.000000] CPU MTRRs all blank - virtualized system.
[    0.000000] x86/PAT: Configuratn [0]:WB  WT U UC B T  U U  
[  00000] ound S M-tab a [me 0009fff0-x09fff mped t fff80009fff0
   0.00000] caning1 eas orowmeory orruio
    00000]AMISK:me 0x3ee00-037efff
  0.0000 ACP: rl tleheckm erifcaon dabed
[    0.000000] ACPI: RSDP 0x00000000000E00000024 (v02 VBOX  )
[    0.000000] ACPI: XSDT 0x000000003FFF0030 00003C (v01 VBOX   VBOXXSDT 00000001 ASL  00000061)
[    0.000000] ACPI: FACP 0x000000003FFF00F0 0000F4 (v04VBX  VBOXFACP 0000001 L  0000061)
[    0.000000] ACPI: DSDT 0x000000003FFF0470 001BF1 (v01 VBOX   VBOXBIOS 00000002 INTL 20100528)
[    0.000000] ACPI: FACS 0x000000003FFF0200 000040
[    0.000000] ACPI: FACS 0x000000003FFF0200 000040
[    0.000000] ACPI: APIC 0x000000003FFF0240 00005C (v02 VBOX   VBOXAPIC 00000001 ASL  00000061)
[    0.000000] ACPI: SSDT 0x000000003FFF02A0 0001CC (v01 VBOX   VBOXCPUT 00000002 INTL 20100528)
[    0.000000] No NUMA configuration found
[    0.000000] Faking a node at [mem 0x0000000000000000-0x000000003ffeffff]
[    0.000000] NODE_DATA(0) allocated [mem 0x3ffeb000-0x3ffeffff]
[    0.000000] Zone ranges:
[    0.000000]   DMA      [mem 0x0000000000001000-0x0000000000ffffff]
[    0.000000]   DMA32    [mem 0x0000000001000000-0x000000003ffeffff]
[    0.000000]   Normal   empty
[    0.000000]   Device   empty
[    0.000000] Movable zone start for each node
[    0.000000] Early memory node ranges
[    0.000000]   node   0: [mem 0x0000000000001000-0x000000000009efff]
[    0.000000]   node   0: [mem 0x0000000000100000-0x000000003ffeffff]
[    0.000000] Initmem setup node 0 [mem 0x0000000000001000-0x000000003ffeffff]
[    0.000000] ACPI: PM-Timer IO Port: 0x4008
[    0.000000] IOAPIC[0]: apic_id 2, version 17, address 0xfec00000, GSI 0-23
[    0.000000] ACPI: INT_SRC_OVR (b 0 bus_irq 0 global_irq 2 dfl dfl)
[    0.000000] ACPI: INT_SRC_OVR (bus 0 bus_irq 9 global_irq 9 high level)
[    0.000000] Using ACPI (MADT) for SMP configuration information
[    0.000000] smpboot: Allowing 2 CPUs, 0 hotplug CPUs
[    0.000000] PM: Registered nosave memory: [mem 0x00000000-0x00000fff]
[    0.000000] PM: Registered nosave memory: [mem 0x0009f000-0x0009ffff]
[    0.000000] PM: Registered nosave memory: [mem 0x000a0000-0x000effff]
[    0.000000] PM: Registered nosave memory: [mem 0x000f0000-0x000fffff]
[    0.000000] e820: [mem 0x40000000-0xfffbffff] available for PCI devices
[    0.000000] Booti paraviraled kne on rehardre
[  .00000clcksorc refediffi: ask:xfffffffaxcycl: xfffff, maide_ns76519621568 ns[   .00000sep_pecp NR_PU:52 r_cpas_bits:512 nr_cp_is: n_node_ds
[   0.0000PEPU: beded  pges/puffff80fc00009944r82 3128u1048576
[    0.000000] Built 1 zonelists in Node order, mobility grouping on.  Total pages: 257912
[    0.000000] Policy zone: DMA32
[    0.000000] Kernel command le: BOTMAGE=/otvmliz-.4.0-1-gneriro=UUI8491f2-07-40-a8-b48ef450 rconse=ty1 nsle=tyS
    0.000] P hh tae ntris:096 rdr:3,27 byt)
[  00000] Mory:978K/1810K aaible 54 kerl ode,31K rwat 400K daa,15K nit,31K bs 5932Kesrved0Kcma-esve)
[    0.000000] SLUB: HWalign=64, Order=0-3, MinObjects=0, CPUs=2, Nodes=1
[    0.000000] Kernel/User page tables isolation: enabled
[    0.000000] Hierarchical RCU implementation.
[    0..000000] 	Build-time adjustment of leaf fanout to 64.
[    0.000000] 	RCU restricting CPUs from NR_CPUS=512 to nr_cpu_ids=2.
[    0.000000] RCU: Adjusting geometry for rcu_fanout_leaf=64, nr_cpu_ids=2
[    0.000000] NR_IRQS:33024 nr_irqs:440 16
[    0.000000] Console: colour VGA+ 80x25
[    0.000000] console [tty1] enabled
[    0.000000] console [ttyS0] enabled
[    0.000000] tsc: Unable to calibrate against PIT
[    0.000000] tsc: using PMTIMER reference calibration
[    0.000000] tsc: Detected 3397.465 MHz processor
[    0.020017] Calibrating delay loop (skipped), value calculated using timer frequency.. 6794.93 BogoMIPS (lpj=13589860)
[    0.028009] pid_max: default: 32768 minimum: 301
[    0.032016] ACPI: Core revision 20150930
[    0.033205] ACPI: 2 ACPI AML tables successfully acquired and loaded
[    0.034164] Security Framework initialized
[    0.036008] Yama: becoming mindful.
[    0.036567] AppArmor: AppArmor initialized
[    0.040065] Dentry cache hash table entries: 131072 (order: 8, 1048576 bytes)
[    0.041313] Inode-cache hash table entries: 65536 (order: 7, 524288 bytes)
[    0.042249] Mount-cache hash table entries: 2048 (order: 2, 16384 bytes)
[    0.043111] Mountpoint-cache hash table entries: 2048 (order: 2, 16384 bytes)
[    0.044123] Initializing cgroup subsys io
[    0.044719] Initializing cgroup subsys memory
[    0.045399] Initializing cgroup subsys devices
[    0.048009] Initializing cgroup subsys freezer
[    0.048637] Initializing cgroup subsys net_cls
[    0.049272] Initializing cgroup subsys perf_event
[    0.052008] Initializing cgroup subsys net_prio
[    0.052672] Initializing cgroup subsys hugetlb
[    0.056011] Initializing cgroup subsys pids
[    0.060066] CPU: Physical Processor ID: 0
[    0.064009] CPU: Processor Core ID: 0
[    0.064571] mce: CPU supports 0 MCE banks
[    0.065180] Last level iTLB entries: 4KB 1024, 2MB 1024, 4MB 1024
[    0.068007] Last level dTLB entries: 4KB 1024, 2MB 1024, 4MB 1024, 1GB 4
[    0.068841] Spectre V2 : Mitigation: Full generic retpoline
[    0.069570] Spectre V2 : Speculation control IBPB not-supported IBRS not-supported
[    0.070495] Speculative Store Bypass: Vulnerable
[    0.074507] Freeing SMP alternatives memory: 32K
[    0.086014] ftrace: allocating 32245 entries in 126 pages
[    0.108081] smpboot: APIC(0) Converting physical 0 to logical package 0
[    0.112013] smpboot: Max logical packages: 1
[    0.113622] ..TIMER: vector=0x30 apic1=0 pin1=2 apic2=-1 pin2=-1
[    0.160000] smpboot: CPU0: Intel(R) Core(TM) i7-4770 CPU @ 3.40GHz (family: 0x6, model: 0x3c, stepping: 0x3)
[    0.161188] Performance Events: unsupported p6 CPU model 60 no PMU driver, software events only.
[    0.163363] NMI watchdog: disabled (cpu0): hardware events not enabled
[    0.164020] NMI watchdog: Shutting down hard lockup detector on all cpus
[    0.165016] x86: Booting SMP configuration:
[    0.168015] .... node  #0, CPUs:      #1
[    0.024000] mce: CPU supports 0 MCE banks
[    0.172033] x86: Booted up 1 node, 2 CPUs
[    0.172791] smpboot: Total of 2 processors activated (13589.86 BogoMIPS)
[    0.173906] devtmpfs: initialized
[    0.173906] evm: security.selinux
[    0.173907] evm: security.SMACK64
[    0.176550] evm: security.SMACK64EXEC
[    0.177132] evm: security.SMACK64TRANSMUTE
[    0.177739] evm: security.SMACK64MMAP
[    0.178287] evm: security.ima
[    0.180005] evm: security.capability
[    0.180767] clocksource: jiffies: mask: 0xffffffff max_cycles: 0xffffffff, max_idle_ns: 7645041785100000 ns
[    0.182081] futex hash table entries: 512 (order: 3, 32768 bytes)
[    0.183025] pinctrl core: initialized pinctrl subsystem
[    0.184118] RTC time:  7:15:14, date: 08/01/18
[    0.192190] NET: Registered protocol family 16
[    0.208014] cpuidle: using governor ladder
[    0.224012] cpuidle: using governor menu
[    0.228038] PCCT header not found.
[    0.232069] ACPI: bus type PCI registered
[    0.236009] acpiphp: ACPI Hot Plug PCI Controller Driver version: 0.5
[    0.240124] PCI: Using configuration type 1 for base access
[    0.256241] ACPI: Added _OSI(Module Device)
[    0.260021] ACPI: Added _OSI(Processor Device)
[    0.264006] ACPI: Added _OSI(3.0 _SCP Extensions)
[    0.264666] ACPI: Added _OSI(Processor Aggregator Device)
[    0.268443] ACPI: Executed 1 blocks of module-level executable AML code
[    0.273926] ACPI: Interpreter enabled
[    0.274483] ACPI: (supports S0 S5)
[    0.275021] ACPI: Using IOAPIC for interrupt routing
[    0.276091] PCI: Using host bridge windows from ACPI; if necessary, use "pci=nocrs" and report a bug
[    0.278961] ACPI: PCI Root Bridge [PCI0] (domain 0000 [bus 00-ff])
[    0.279782] acpi PNP0A03:00: _OSC: OS supports [ASPM ClockPM Segments MSI]
[    0.280009] acpi PNP0A03:00: _OSC failed (AE_NOT_FOUND); disabling ASPM
[    0.280872] acpi PNP0A03:00: fail to add MMCONFIG information, can't access extended PCI configuration space under this bridge.
[    0.282546] PCI host bridge to bus 0000:00
[    0.283175] pci_bus 0000:00: root bus resource [io  0x0000-0x0cf7 window]
[    0.284006] pci_bus 0000:00: root bus resource [io  0x0d00-0xffff window]
[    0.284909] pci_bus 0000:00: root bus resource [mem 0x000a0000-0x000bffff window]
[    0.286083] pci_bus 0000:00: root bus resource [mem 0x40000000-0xffdfffff window]
[    0.288006] pci_bus 0000:00: root bus resource [bus 00-ff]
[    0.290020] pci 0000:00:01.1: legacy IDE quirk: reg 0x10: [io  0x01f0-0x01f7]
[    0.290877] pci 0000:00:01.1: legacy IDE quirk: reg 0x14: [io  0x03f6]
[    0.291761] pci 0000:00:01.1: legacy IDE quirk: reg 0x18: [io  0x0170-0x0177]
[    0.292005] pci 0000:00:01.1: legacy IDE quirk: reg 0x1c: [io  0x0376]
[    0.307435] ACPI: PCI Interrupt Link [LNKA] (IRQs 5 9 10 11) *0, disabled.
[    0.309103] ACPI: PCI Interrupt Link [LNKB] (IRQs 5 9 10 *11)
[    0.310297] ACPI: PCI Interrupt Link [LNKC] (IRQs 5 9 *10 11)
[    0.311422] ACPI: PCI Interrupt Link [LNKD] (IRQs 5 *9 10 11)
[    0.312990] ACPI: Enabled 2 GPEs in block 00 to 07
[    0.313900] vgaarb: setting as boot device: PCI:0000:00:02.0
[    0.313900] vgaarb: device added: PCI:0000:00:02.0,decodes=io+mem,owns=io+mem,locks=none
[    0.316008] vgaarb: loaded
[    0.316493] vgaarb: bridge control possible 0000:00:02.0
[    0.317416] SCSI subsystem initialized
[    0.320047] ACPI: bus type USB registered
[    0.321062] usbcore: registered new interface driver usbfs
[    0.321827] usbcore: registered new interface driver hub
[    0.324032] usbcore: registered new device driver usb
[    0.324917] PCI: Using ACPI for IRQ routing
[    0.324917] NetLabel: Initializing
[    0.328007] NetLabel:  domain hash size = 128
[    0.332007] NetLabel:  protocols = UNLABELED CIPSOv4
[    0.336021] NetLabel:  unlabeled traffic allowed by default
[    0.336808] amd_nb: Cannot enumerate AMD northbridges
[    0.336808] clocksource: Switched to clocksource refined-jiffies
[    0.344202] AppArmor: AppArmor Filesystem Enabled
[    0.348073] pnp: PnP ACPI init
[    0.349093] pnp: PnP ACPI: found 4 devices
[    0.362286] clocksource: acpi_pm: mask: 0xffffff max_cycles: 0xffffff, max_idle_ns: 2085701024 ns
[    0.364077] clocksource: Switched to clocksource acpi_pm
[    0.364857] NET: Registered protocol family 2
[    0.365683] TCP established hash table entries: 8192 (order: 4, 65536 bytes)
[    0.366596] TCP bind hash table entries: 8192 (order: 5, 131072 bytes)
[    0.367405] TCP: Hash tables configured (established 8192 bind 8192)
[    0.368000] UDP hash table entries: 512 (order: 2, 16384 bytes)
[    0.368815] UDP-Lite hash table entries: 512 (order: 2, 16384 bytes)
[    0.369644] NET: Registered protocol family 1
[    0.370300] pci 0000:00:00.0: Limiting direct PCI/PCI transfers
[    0.371090] pci 0000:00:01.0: Activating ISA DMA hang workarounds
[    0.371985] Unpacking initramfs...
[    0.537701] Freeing initrd memory: 15364K
[    0.616476] RAPL PMU detected, API unit is 2^-32 Joules, 4 fixed counters 10737418240 ms ovfl timer
[    0.748910] hw unit of domain pp0-core 2^-0 Joules
[    0.849911] hw unit of domain package 2^-0 Joules
[    0.850612] hw unit of domain dram 2^-0 Joules
[    0.851244] hw unit of domain pp1-gpu 2^-0 Joules
[    0.851970] platform rtc_cmos: registered platform RTC device (no PNP device found)
[    0.853240] Scanning for low memory corruption every 60 seconds
[    0.862951] audit: initializing netlink subsys (disabled)
[    0.863951] audit: type=2000 audit(1533107700.859:1): initialized
[    0.871078] Initialise system trusted keyring
[    0.872074] HugeTLB registered 2 MB page size, pre-allocated 0 pages
[    0.903492] zbud: loaded
[    0.905661] VFS: Disk quotas dquot_6.6.0
[    0.911601] VFS: Dquot-cache hash table entries: 512 (order 0, 4096 bytes)
[    0.912700] squashfs: version 4.0 (2009/01/31) Phillip Lougher
[    0.913855] fuse init (API version 7.23)
[    0.914657] Key type big_key registered
[    0.915249 AllocinIMMOanblacli kyrgs

[    1.723545] Key type asymmetric registered
[    1.809869] Asymmetric key parser 'x509' registered
[    1.888059] tsc: Refined TSC clocksource calibration: 3397.501 MHz
[    2.065876] clocksource: tsc: mask: 0xffffffffffffffff max_cycles: 0x30f915e4eba, max_idle_ns: 440795301519 ns
[    2.065958] Block layer SCSI generic (bsg) driver version 0.4 loaded (major 249)
[    2.066026] io scheduler noop registered
[    2.066028] io scheduler deadline registered (default)
[    2.066053] io scheduler cfq registered
[    2.066127] pci_hotplug: PCI Hot Plug PCI Core version: 0.5
[    2.066133] pciehp: PCI Express Hot Plug Controller Driver version: 0.4
[    2.066249] ACPI: AC Adapter [AC] (on-line)
[    2.066292] input: Power Button as /devices/LNXSYSTM:00/LNXPWRBN:00/input/input0
[    2.066295] ACPI: Power Button [PWRF]
[    2.066343] input: Sleep Button as /devices/LNXSYSTM:00/LNXSLPBN:00/nput/input1
[    2.066346] ACPI: Sleep Button [SLPF]
[    2.066511] GHES: HEST is not enabled!
[    2.066591] Serial: 8250/16550 driver, 32 ports, IRQ sharing enabled
[    2.135280] 00:03: ttyS0 at I/O 0x3f8 (irq = 4, base_baud = 115200) is a 16550A
[    2.172894] Linux agpgart interface v0.103
[    2.175417] loop: module loaded
[    2.175879] scsi host0: ata_piix
[    2.175963] scsi host1: ata_piix
[    2.175989] ata1: PATA max UDMA/33 cmd 0x1f0 ctl 0x3f6 bmdma 0xd000 irq 14
[    2.175991] ata2: PATA max UDMA/33 cmd 0x170 ctl 0x376 bmdma 0xd008 irq 15
[    2.176095] libphy: Fixed MDIO Bus: probed
[    2.176098] tun: Universal TUN/TAP device driver, 1.6
[    2.176109] tun: (C) 1999-2004 Max Krasnyansky <maxk@qualcomm.com>
[    2.176373] PPP generic driver version 2.4.2
[    2.176428] ehci_hcd: USB 2.0 'Enhanced' Host Controller (EHCI) Driver
[    2.176432] ehci-pci: EHCI PCI platform driver
[    2.176440] ehci-platform: EHCI generic platform driver
[    2.176448] ohci_hcd: USB 1.1 'Open' Host Controller (OHCI) Driver
[    2.176451] ohci-pci: OHCI PCI platform driver
[    2.176458] ohci-platform: OHCI generic platform driver
[    2.176464] uhci_hcd: USB Universal Host Controller Interface driver
[    2.176501] i8042: PNP: PS/2 Controller [PNP0303:PS2K,PNP0f03:PS2M] at 0x60,0x64 irq 1,12
[    2.249088] serio: i8042 KBD port at 0x60,0x64 irq 1
[    2.249099] serio: i8042 AUX port at 0x60,0x64 irq 12
[    2.249282] mousedev: PS/2 mouse device common for all mice
[    2.249715] rtc_cmos rtc_cmos: rtc core: registered rtc_cmos as rtc0
[    2.249792] rtc_cmos rtc_cmos: alarms up to one day, 114 bytes nvram
[    2.249801] i2c /dev entries driver
[    2.249863] device-mapper: uevent: version 1.0.3
[    2.249933] device-mapper: ioctl: 4.34.0-ioctl (2015-10-28) initialised: dm-devel@redhat.com
[    2.249964] ledtrig-cpu: registered to indicate activity on CPUs
[    2.250404] NET: Registered protocol family 10
[    2.250599] NET: Registered protocol family 17
[    2.250611] Key type dns_resolver registered
[    2.252606] microcode: CPU0 sig=0x306c3, pf=0x2, revision=0x19
[    2.252616] microcode: CPU1 sig=0x306c3, pf=0x2, revision=0x19
[    2.252661] microcode: Microcode Update Driver: v2.01 <tigran@aivazian.fsnet.co.uk>, Peter Oruba
[    2.252843] registered taskstats version 1
[    2.252860] Loading compiled-in X.509 certificates
[    2.253367] Loaded X.509 cert 'Build time autogenerated kernel key: b3e0fe4bcd6378c38a2c0a4648abbc1fa5043a22'
[    2.253383] zswap: loaded using pool lzo/zbud
[    2.255135] Key type trusted registered
[    2.258429] Key type encrypted registered
[    2.258435] AppArmor: AppArmor sha1 policy hashing enabled
[    2.258440] ima: No TPM chip found, activating TPM-bypass!
[    2.258446] ima: Allocated hash algorithm: sha1
[    2.258462] evm: HMAC attrs: 0x1
[    2.258671]   Magic number: 14:545:267
[    2.291534] rtc_cmos rtc_cmos: setting system clock to 2018-08-01 07:15:16 UTC (1533107716)
[    2.291713] BIOS EDD facility v0.16 2004-Jun-25, 0 devices found
[    2.291715] EDD information not available.
[    2.640999] input: AT Translated Set 2 keyboard as /devices/platform/i8042/serio0/input/input2
[    2.965171] Freeing unused kernel memory: 1516K
[    2.980150] Write protecting the kernel read-only data: 14336k
[    3.114064] Freeing unused kernel memory: 1680K
[    3.193815] Freeing unused kernel memory: 96K
Loading, please [    3.207806] random: systemd-udevd: uninitialized urandom read (16 bytes read, 3 bits of entropy available)
wait...
startin[    3.208307] random: udevadm: uninitialized urandom read (16 bytes read, 3 bits of entropy available)
g version 229
[    3.208326] random: udevadm: uninitialized urandom read (16 bytes read, 3 bits of entropy available)
[    3.218355] random: udevadm: uninitialized urandom read (16 bytes read, 3 bits of entropy available)
[    3.218390] random: udevadm: uninitialized urandom read (16 bytes read, 3 bits of entropy available)
[    3.218507] random: udevadm: uninitialized urandom read (16 bytes read, 3 bits of entropy available)
[    3.218556] random: udevadm: uninitialized urandom read (16 bytes read, 3 bits of entropy available)
[    3.218606] random: udevadm: uninitialized urandom read (16 bytes read, 3 bits of entropy available)
[    3.218683] random: udevadm: uninitialized urandom read (16 bytes read, 3 bits of entropy available)
[    3.218730] random: udevadm: uninitialized urandom read (16 bytes read, 3 bits of entropy available)
[    4.136749] clocksource: Switched to clocksource tsc
[    4.170036] Fusion MPT base driver 3.04.20
[    4.233705] Copyright (c) 1999-2008 LSI Corporation
[    4.276999] e1000: Intel(R) PRO/1000 Network Driver - version 7.3.21-k8-NAPI
[    4.289278] e1000: Copyright (c) 1999-2006 Intel Corporation.
[    4.390444] Fusion MPT SPI Host driver 3.04.20
[    4.608706] input: ImExPS/2 Generic Explorer Mouse as /devices/platform/i8042/serio1/input/input4
[    4.731056] e1000 0000:00:03.0 eth0: (PCI:33MHz:32-bit) 02:40:c1:fa:9b:f5
[    4.743426] e1000 0000:00:03.0 eth0: Intel(R) PRO/1000 Network Connection
[    4.745049] mptbase: ioc0: Initiating bringup
[    4.745264] e1000 0000:00:03.0 enp0s3: renamed from eth0
[    4.959553] ioc0: LSI53C1030 A0: Capabilities={Initiator}
[    5.230256] scsi host2: ioc0: LSI53C1030 A0, FwRev=00000000h, Ports=1, MaxQ=256, IRQ=20
[    5.357234] scsi 2:0:0:0: Direct-Access     VBOX     HARDDISK         1.0  PQ: 0 ANSI: 5
[    5.366110] scsi target2:0:0: Beginning Domain Validation
[    5.370155] scsi target2:0:0: Domain Validation skipping write tests
[    5.372331] scsi target2:0:0: Ending Domain Validation
[    5.381194] scsi target2:0:0: asynchronous
[    5.385524] scsi 2:0:1:0: Direct-Access     VBOX     HARDDISK         1.0  PQ: 0 ANSI: 5
[    5.387376] scsi target2:0:1: Beginning Domain Validation
[    5.395775] scsi target2:0:1: Domain Validation skipping write tests
[    5.397337] scsi target2:0:1: Ending Domain Validation
[    6.212689] scsi target2:0:1: asynchronous
[    6.230902] sd 2:0:0:0: Attached scsi generic sg0 type 0
[    6.232780] sd 2:0:0:0: [sda] 20971520 512-byte logical blocks: (10.7 GB/10.0 GiB)
[    6.234113] sd 2:0:0:0: [sda] Write Protect is off
[    6.234508] sd 2:0:1:0: [sdb] 20480 512-byte logical blocks: (10.5 MB/10.0 MiB)
[    6.234696] sd 2:0:1:0: [sdb] Write Protect is off
[    6.234788] sd 2:0:1:0: [sdb] Incomplete mode parameter data
[    6.234790] sd 2:0:1:0: [sdb] Assuming drive cache: write through
[    6.276372] sd 2:0:1:0: Attached scsi generic sg1 type 0
[    6.286701] sd 2:0:0:0: [sda] Incomplete mode parameter data
[    6.287669] sd 2:0:0:0: [sda] Assuming drive cache: write through
[    6.288634] sd 2:0:1:0: [sdb] Attached SCSI disk
[    6.315179]  sda: sda1
[    6.320051] sd 2:0:0:0: [sda] Attached SCSI disk
Begin: Loading e[    8.058222] md: linear personality registered for level -1
ssential drivers ... [    8.102916] md: multipath personality registered for level -4
[    8.133517] md: raid0 personality registered for level 0
[    8.197364] md: raid1 personality registered for level 1
[    8.272045] raid6: sse2x1   gen() 10892 MB/s
[    8.356052] raid6: sse2x1   xor()  8530 MB/s
[    8.493015] raid6: sse2x2   gen() 13754 MB/s
[    8.648053] raid6: sse2x2   xor()  9525 MB/s
[    8.768061] raid6: sse2x4   gen() 15591 MB/s
[    8.924071] raid6: sse2x4   xor() 11273 MB/s
[    8.965481] raid6: using algorithm sse2x4 gen() 15591 MB/s
[    9.008560] raid6: .... xor() 11273 MB/s, rmw enabled
[    9.019871] raid6: using ssse3x2 recovery algorithm
[    9.030991] xor: measuring software checksum speed
[    9.072070]    prefetch64-sse: 20539.000 MB/sec
[    9.113280]    generic_sse: 23075.000 MB/sec
[    9.121302] xor: using function: generic_sse (23075.000 MB/sec)
[    9.123070] async_tx: api initialized (async)
[    9.143719] md: raid6 personality registered for level 6
[    9.147232] md: raid5 personality registered for level 5
[    9.148998] md: raid4 personality registered for level 4
[    9.155727] md: raid10 personality registered for level 10
done.
Begin: Running /scripts/init-premount ... done.
Begin: Mounting root file system ... Begin: Running /scripts/local-top ... done.
Begin: Running /scripts/local-premount ... [    9.193323] Btrfs loaded
Scanning for Btrfs filesystems
done.
Warning: fsck no[    9.480131] EXT4-fs (sda1): INFO: recovery required on readonly filesystem
t present, so sk[    9.572983] EXT4-fs (sda1): write access will be enabled during recovery
ipping root file system
[   10.027846] random: nonblocking pool is initialized
[   12.802798] EXT4-fs (sda1): recovery complete
[   14.408621] EXT4-fs (sda1): mounted filesystem with ordered data mode. Opts: (null)
done.
Begin: Running /scripts/local-bottom ... done.
Begin: Running /scripts/init-bottom ... done.
[   16.096616] systemd[1]: systemd 229 running in system mode. (+PAM +AUDIT +SELINUX +IMA +APPARMOR +SMACK +SYSVINIT +UTMP +LIBCRYPTSETUP +GCRYPT +GNUTLS +ACL +XZ -LZ4 +SECCOMP +BLKID +ELFUTILS +KMOD -IDN)
[   16.105775] systemd[1]: Detected virtualization oracle.
[   16.106783] systemd[1]: Detected architecture x86-64.

Welcome to [1mUbuntu 16.04.4 LTS[0m!

[  127335]systmd1] S hstna t <unu-ni>.
[   19.532750] systemd[1]: Created slice System Slice.
[[0;32m  OK  [0m] Created slice System Slice.
[   19.688313] systemd[1]: Listening on Device-mapper event daemon FIFOs.
[[0;32m  OK  [0m] Listening on Device-mapper event daemon FIFOs.
[   19.746555] systemd[1]: Reached target Encrypted Volumes.
[[0;32m  OK  [0m] Reached target Encrypted Volumes.
[   19.750075] systemd[1]: Listening on Journal Socket (/dev/log).
[[0;32m  OK  [0m] Listening on Journal Socket (/dev/log).
[   19.752615] systemd[1]: Listening on LVM2 poll daemon socket.
[[0;32m  OK  [0m] Listening on LVM2 poll daemon socket.
[   19.755074] systemd[1]: Listening on udev Kernel Socket.
[[0;32m  OK  [0m] Listening on udev Kernel Socket.
[   19.761586] systemd[1]: Listening on Journal Audit Socket.
[[0;32m  OK  [0m] Listening on Journal Audit Socket.
[   19.962142] systemd[1]: Listening on /dev/initctl Compatibility Named Pipe.
[[0;32m  OK  [0m] Listening on /dev/initctl Compatibility Named Pipe.
[   20.216861] systemd[1]: Reached target Swap.
[[0;32m  OK  [0m] Reached target Swap.
[   20.332789] systemd[1]: Listening on Syslog Socket.
[[0;32m  OK  [0m] Listening on Syslog Socket.
[   20.433164] systemd[1]: Created slice system-serial\x2dgetty.slice.
[[0;32m  OK  [0m] Created slice system-serial\x2dgetty.slice.
[   20.485195] systemd[1]: Created slice User and Session Slice.
[[0;32m  OK  [0m] Created slice User and Session Slice.
[   20.521902] systemd[1]: Started Trigger resolvconf update for networkd DNS.
[[0;32m  OK  [0m] Started Trigger resolvconf update for networkd DNS.
[   20.524784] systemd[1]: Reached target System Time Synchronized.
[[0;32m  OK  [0m] Reached target System Time Synchronized.
[   20.527951] systemd[1]: Set up automount Arbitrary Executable File Formats File System Automount Point.
[[0;32m  OK  [0m] Set up automount Arbitrary Executab...ats File System Automount Point.
[   20.535268] systemd[1]: Listening on udev Control Socket.
[[0;32m  OK  [0m] Listening on udev Control Socket.
[   20.536737] systemd[1]: Listening on Journal Socket.
[[0;32m  OK  [0m] Listening on Journal Socket.
[   20.556264] systemd[1]: Starting Uncomplicated firewall...
         Starting Uncomplicated firewall...
[   20.736859] systemd[1]: Starting Set console keymap...
         Starting Set console keymap...
[   20.753732] systemd[1]: Starting Nameserver information manager...
         Starting Nameserver information manager...
[   20.821216] systemd[1]: Starting Load Kernel Modules...
         Starting Load Kernel Modules...
[   20.912931] systemd[1]: Starting Remount Root and Kernel File Systems...
         Startin[   21.027713] Loading iSCSI transport class v2.0-870.
g Remount Root and Kernel File Systems...
[   21.036214] systemd[1]: Starting Journal Service...
         Starting Journal Service...
[   21.046166] EXT4-fs (sda1): re-mounted. Opts: (null)
[   21.081347] systemd[1]: Starting Create list of required static device nodes for the current kernel...
         Starting Create list of required st... nodes for the current kernel...
[   21.108352] systemd[1]: Mounting Debug File System...
         Mountin[   21.267693] iscsi: registered transport (tcp)
g Debug File System...
[   22.636500] systemd[1]: Mounting Huge Pages File System...
         Mounting Huge Pages File System...
[   22.643306] systemd[1]: Reached target Slices.
[[0;32m  OK  [0m] Reached target Slices.
[   22.697321] systemd[1]: Mounting POSIX Message Queue File System...
         Mounting POSIX Message Queue File System...
[   22.778399] systemd[1]: Started Forward Password Requests to Wall Directory Watch.
[[0;32m  OK  [0m] Started Forward Password Requests to Wall Directory Watch.
[   22.780462] systemd[1]: Listening on LVM2 metadata daemon socket.
[[0;32m  OK  [0m] Listening on LVM2 metadata daemon socket.
[   22.782055] systemd[1]: Reached target User and Group Name Lookups.
[[0;32m  OK  [0m] Reached target User and Group Name Lookups.
[   22.813054] systemd[1]: Starting Monitoring of LVM2 mirrors, snapshots etc. using dmeventd or progress polling...
         Starting Monitoring of LVM2 mirr[   22.941439] iscsi: registered transport (iser)
ors... dmeventd or progress polling...
[   23.016967] systemd[1]: Mounted Debug File System.
[[0;32m  OK  [0m] Mounted Debug File System.
[   23.052696] systemd[1]: Mounted POSIX Message Queue File System.
[[0;32m  OK  [0m] Mounted POSIX Message Queue File System.
[   23.093117] systemd[1]: Mounted Huge Pages File System.
[[0;32m  OK  [0m] Mounted Huge Pages File System.
[   23.138421] systemd[1]: Started Journal Service.
[[0;32m  OK  [0m] Started Journal Service.
[[0;32m  OK  [0m] Started Uncomplicated firewall.
[[0;32m  OK  [0m] Started Set console keymap.
[[0;32m  OK  [0m] Started Load Kernel Modules.
[[0;32m  OK  [0m] Started Remount Root and Kernel File Systems.
[[0;32m  OK  [0m] Started Create list of required sta...ce nodes for the current kernel.
[[0;32m  OK  [0m] Started Nameserver information manager.
[[0;32m  OK  [0m] Started LVM2 metadata daemon.
         Starting Create Static Device Nodes in /dev...
         Starting udev Coldplug all Devices...
         Starting Load/Save Random Seed...
         Mounting FUSE Control File System...
         Starting Apply Kernel Variables...
         Starting Flush Journal to Persistent Storage...
[[0;32m  OK  [0m] Mounted FUSE Control File System.
[[0;32m  OK  [0m] Started Load/Save Random Seed.
[[0;32m  OK  [0m] Started Apply Kernel Variables.
[[0;32m  OK  [0m] Started udev Coldplug all Devices.
[[0;32m  OK  [0m] Started Create Static Device Nodes in /dev.
[[0;32m  OK  [0m] Started Flush Journal to Persistent Storage.
         Starting udev Kernel Device Manager...
[[0;32m  OK  [0m] Started Monitoring of LVM2 mirrors,...ng dmeventd or progress polling.
[[0;32m  OK  [0m] Started udev Kernel Device Manager.
[[0;32m  OK  [0m] Reached target Local File Systems (Pre).
[[0;32m  OK  [0m] Reached target Local File Systems.
         Starting Initial cloud-init job (pre-networking)...
         Starting Create Volatile Files and Directories...
         Starting LSB: AppArmor initialization...
         Starting Set console font and keymap...
         Starting Tell Plymouth To Write Out Runtime Data...
[[0;32m  OK  [0m] Started Dispatch Password Requests to Console Directory Watch.
[[0;32m  OK  [0m] Found device /dev/ttyS0.
[[0;32m  OK  [0m] Started Tell Plymouth To Write Out Runtime Data.
[[0;32m  OK  [0m] Found device 82540EM Gigabit Ethern...r (PRO/1000 MT Desktop Adapter).
[[0;32m  OK  [0m] Listening on Load/Save RF Kill Switch Status /dev/rfkill Watch.
[[0;32m  OK  [0m] Started Set console font and keymap.
[[0;32m  OK  [0m] Created slice system-getty.slice.
[[0;32m  OK  [0m] Started Create Volatile Files and Directories.
         Starting Update UTMP about System Boot/Shutdown...
[[0;32m  OK  [0m] Started Update UTMP about System Boot/Shutdown.
[[0;32m  OK  [0m] Started LSB: AppArmor initialization.
[   32.925357] cloud-init[470]: Cloud-init v. 18.2 running 'init-local' at Wed, 01 Aug 2018 07:15:45 +0000. Up 30.84 seconds.
[[0;32m  OK  [0m] Started Initial cloud-init job (pre-networking).
[[0;32m  OK  [0m] Reached target Network (Pre).
         Starting Raise network interfaces...
[[0;32m  OK  [0m] Started ifup for enp0s3.
[[0;32m  OK  [0m] Started Raise network interfaces.
[[0;32m  OK  [0m] Reached target Network.
         Starting Initial cloud-init job (metadata service crawler)...
[   37.490916] cloud-init[980]: Cloud-init v. 18.2 running 'init' at Wed, 01 Aug 2018 07:15:48 +0000. Up 34.50 seconds.
[   37.494454] cloud-init[980]: ci-info: +++++++++++++++++++++++++++++++++++++Net device info++++++++++++++++++++++++++++++++++++++
[   37.495715] cloud-init[980]: ci-info: +--------+------+----------------------------+---------------+-------+-------------------+
[   37.497062] cloud-init[980]: ci-info: | Device |  Up  |          Address           |      Mask     | Scope |     Hw-Address    |
[   37.498391] cloud-init[980]: ci-info: +--------+------+----------------------------+---------------+-------+-------------------+
[   37.528440] cloud-init[980]: ci-info: | enp0s3 | True |         10.0.2.15          | 255.255.255.0 |   .   | 02:40:c1:fa:9b:f5 |
[   37.537969] cloud-init[980]: ci-info: | enp0s3 | True | fe80::40:c1ff:fefa:9bf5/64 |       .       |  link | 02:40:c1:fa:9b:f5 |
[   37.614646] cloud-init[980]: ci-info: |   lo   | True |         127.0.0.1          |   255.0.0.0   |   .   |         .         |
[   37.614874] cloud-init[980]: ci-info: |   lo   | True |          ::1/128           |       .       |  host |         .         |
[   37.615143] cloud-init[980]: ci-info: +--------+------+----------------------------+---------------+-------+-------------------+
[[0;32m  OK  [0m] Started Initial cloud-init job (metadata service crawler).
[   37.615449] cloud-init[980]: ci-info: +++++++++++++++++++++++++++Route IPv4 info++++++++++++++++++++++++++++
[   37.772239] cloud-init[980]: ci-info: +-------+-------------+----------+---------------+-----------+-------+
[   37.772476] cloud-init[980]: ci-info: | Route | Destination | Gateway  |    Genmask    | Interface | Flags |
[   37.772568] cloud-init[980]: ci-info: +-------+-------------+----------+---------------+-----------+-------+
[   37.772660] cloud-init[980]: ci-info: |   0   |   0.0.0.0   | 10.0.2.2 |    0.0.0.0    |   enp0s3  |   UG  |
[   37.772844] cloud-init[980]: ci-info: |   1   |   10.0.2.0  | 0.0.0.0  | 255.255.255.0 |   enp0s3  |   U   |
[   37.772936] cloud-init[980]: ci-info: +-------+-------------+----------+---------------+-----------+-------+
[[0;32m  OK  [0m] Reached target System Initialization.
[[0;32m  OK  [0m] Started Daily apt download activities.
[[0;32m  OK  [0m] Listening on D-Bus System Message Bus Socket.
[[0;32m  OK  [0m] Started Daily Cleanup of Temporary Directories.
[[0;32m  OK  [0m] Started ACPI Events Check.
[[0;32m  OK  [0m] Reached target Paths.
[[0;32m  OK  [0m] Listening on ACPID Listen Socket.
[[0;32m  OK  [0m] Started Daily apt upgrade and clean activities.
[[0;32m  OK  [0m] Reached target Timers.
         Starting LXD - unix socket.
[[0;32m  OK  [0m] Listening on UUID daemon activation socket.
         Starting Socket activation for snappy daemon.
[[0;32m  OK  [0m] Reached target Network is Online.
         Starting iSCSI initiator daemon (iscsid)...
[[0;32m  OK  [0m] Reached target Cloud-config availability.
[[0;32m  OK  [0m] Listening on LXD - unix socket.
[[0;32m  OK  [0m] Listening on Socket activation for snappy daemon.
[[0;32m  OK  [0m] Reached target Sockets.
[[0;32m  OK  [0m] Reached target Basic System.
         Starting System Logging Service...
         Starting Login Service...
         Starting OpenBSD Secure Shell server...
         Starting Accounts Service...
         Starting LSB: Record successful boot for GRUB...
[[0;32m  OK  [0m] Started FUSE filesystem for LXC.
[[0;32m  OK  [0m] Started Deferred execution scheduler.
[[0;32m  OK  [0m] Started Regular background program processing daemon.
[[0;32m  OK  [0m] Started ACPI event daemon.
         Starting Apply the settings specified in cloud-config...
         Starting Snappy daemon...
         Starting Virtualbox guest utils...
[[0;32m  OK  [0m] Started Unattended Upgrades Shutdown.
         Starting LSB: MD monitoring daemon...
         Starting /etc/rc.local Compatibility...
[[0;32m  OK  [0m] Started D-Bus System Message Bus.
[   40.826680] cloud-init[1059]: Cloud-init v. 18.2 running 'modules:config' at Wed, 01 Aug 2018 07:15:53 +0000. Up 39.25 seconds.
         Starting LXD - container startup/shutdown...
[[0;32m  OK  [0m] Started System Logging Service.
[[0;32m  OK  [0m] Started OpenBSD Secure Shell server.
[[0;32m  OK  [0m] Started iSCSI initiator daemon (iscsid).
[[0;32m  OK  [0m] Started Apply the settings specified in cloud-config.
[[0;32m  OK  [0m] Started /etc/rc.local Compatibility.
         Starting Login to default iSCSI targets...
[[0;32m  OK  [0m] Started Login Service.
[[0;32m  OK  [0m] Started LSB: Record successful boot for GRUB.
[[0;32m  OK  [0m] Started Login to default iSCSI targets.
[[0;32m  OK  [0m] Reached target Remote File Systems (Pre).
[[0;32m  OK  [0m] Reached target Remote File Systems.
         Starting LSB: daemon to balance interrupts for SMP systems...
         Starting LSB: Set the CPU Frequency Scaling governor to "ondemand"...
         Starting LSB: automatic crash report generation...
         Starting Permit User Sessions...
         Starting Authenticate and Authorize Users to Run Privileged Tasks...
[[0;32m  OK  [0m] Started LSB: MD monitoring daemon.
[[0;32m  OK  [0m] Started LSB: Set the CPU Frequency Scaling governor to "ondemand".
[[0;32m  OK  [0m] Started Permit User Sessions.
[[0;32m  OK  [0m] Started Virtualbox guest utils.
         Starting Terminate Plymouth Boot Screen...
         Starting Hold until boot process finishes up...
[[0;32m  OK  [0m] Started LSB: daemon to balance interrupts for SMP systems.
[[0;32m  OK  [0m] Started Terminate Plymouth Boot Screen.
[[0;32m  OK  [0m] Started Hold until boot process finishes up.
[[0;32m  OK  [0m] Created slice User Slice of vagrant.
         Starting User Manager for UID 1000...
[[0;32m  OK  [0m] Started Session 1 of user vagrant.
[[0;32m  OK  [0m] Started Serial Getty on ttyS0.
         Starting Set console scheme...
[[0;32m  OK  [0m] Started Getty on tty1.
[[0;32m  OK  [0m] Reached target Login Prompts.
[[0;32m  OK  [0m] Started Authenticate and Authorize Users to Run Privileged Tasks.
[[0;32m  OK  [0m] Started LSB: automatic crash report generation.
[[0;32m  OK  [0m] Started Set console scheme.
[[0;32m  OK  [0m] Started Accounts Service.
[[0;32m  OK  [0m] Started User Manager for UID 1000.
[[0;32m  OK  [0m] Started Snappy daemon.
         Starting Wait until snapd is fully seeded...
[[0;32m  OK  [0m] Started Wait until snapd is fully seeded.
[[0;32m  OK  [0m] Started LXD - container startup/shutdown.
[[0;32m  OK  [0m] Reached target Multi-User System.
         Starting Execute cloud user/final scripts...
[[0;32m  OK  [0m] Reached target Graphical Interface.
         Starting Update UTMP about System Runlevel Changes...
[[0;32m  OK  [0m] Started Update UTMP about System Runlevel Changes.
[   46.823128] cloud-init[1274]: Cloud-init v. 18.2 running 'modules:final' at Wed, 01 Aug 2018 07:16:00 +0000. Up 46.36 seconds.
[   46.843641] cloud-init[1274]: Cloud-init v. 18.2 finished at Wed, 01 Aug 2018 07:16:01 +0000. Datasource DataSourceNoCloud [seed=/dev/sdb][dsmode=net].  Up 46.81 seconds
[[0;32m  OK  [0m] Started Execute cloud user/final scripts.
[[0;32m  OK  [0m] Reached target Cloud-init target.

Ubuntu 16.04.4 LTS ubuntu-xenial ttyS0

ubuntu-xenial login: 